Arguments: 
  /Users/haicowensink/.nvm/versions/node/v6.9.5/bin/node /usr/local/bin/yarn add @angular-cli --dev

PATH: 
  /Users/haicowensink/.rbenv/shims:/Users/haicowensink/.nvm/versions/node/v6.9.5/bin:/usr/local/bin:/usr/bin:/bin:/usr/sbin:/sbin

Yarn version: 
  0.19.1

Node version: 
  6.9.5

Platform: 
  darwin x64

npm manifest: 
  {
    "name": "multi-purpose-app",
    "version": "0.0.0",
    "license": "MIT",
    "angular-cli": {},
    "scripts": {
      "ng": "ng",
      "build": "ng build",
      "server": "node express-server.js",
      "start": "concurrently \"npm run build\" \"npm run server\"",
      "test": "ng test",
      "pree2e": "webdriver-manager update --standalone false --gecko false",
      "e2e": "protractor"
    },
    "private": true,
    "dependencies": {
      "@angular/common": "~4.3.4",
      "@angular/compiler": "~4.3.4",
      "@angular/core": "~4.3.4",
      "@angular/forms": "~4.3.4",
      "@angular/http": "~4.3.4",
      "@angular/platform-browser": "~4.3.4",
      "@angular/platform-browser-dynamic": "~4.3.4",
      "@angular/router": "~4.3.4",
      "body-parser": "^1.18.1",
      "core-js": "^2.4.1",
      "express": "^4.15.4",
      "mysql": "^2.14.1",
      "reflect-metadata": "^0.1.10",
      "rxjs": "^5.0.1",
      "ts-helpers": "^1.1.1",
      "zone.js": "^0.8.4"
    },
    "devDependencies": {
      "@angular/cli": "^1.0.0-beta.31",
      "@angular/compiler-cli": "^4.3.6",
      "@types/jasmine": "^2.5.54",
      "@types/node": "^6.0.88",
      "codelyzer": "^2.1.1",
      "concurrently": "^3.5.0",
      "jasmine-core": "^2.8.0",
      "jasmine-spec-reporter": "^2.7.0",
      "karma": "^1.7.1",
      "karma-chrome-launcher": "^2.2.0",
      "karma-cli": "^1.0.1",
      "karma-jasmine": "^1.1.0",
      "karma-remap-istanbul": "^0.2.2",
      "protractor": "^4.0.14",
      "ts-node": "^1.7.3",
      "tslint": "^4.5.1",
      "typescript": "^2.5.2",
      "webpack": "^3.5.6"
    }
  }

yarn manifest: 
  No manifest

Lockfile: 
  No lockfile

Trace: 
  Error: https://registry.yarnpkg.com/@angular-cli: Not found
      at Request.params.callback [as _callback] (/usr/local/Cellar/yarn/0.19.1/libexec/lib/node_modules/yarn/lib/util/request-manager.js:313:18)
      at Request.self.callback (/usr/local/Cellar/yarn/0.19.1/libexec/lib/node_modules/yarn/node_modules/request/request.js:186:22)
      at emitTwo (events.js:106:13)
      at Request.emit (events.js:191:7)
      at Request.<anonymous> (/usr/local/Cellar/yarn/0.19.1/libexec/lib/node_modules/yarn/node_modules/request/request.js:1081:10)
      at emitOne (events.js:96:13)
      at Request.emit (events.js:188:7)
      at IncomingMessage.<anonymous> (/usr/local/Cellar/yarn/0.19.1/libexec/lib/node_modules/yarn/node_modules/request/request.js:1001:12)
      at IncomingMessage.g (events.js:291:16)
      at emitNone (events.js:91:20)
      at IncomingMessage.emit (events.js:185:7)
